<?xml version="1.0" encoding="UTF-8"?>
<testsuite name="com.webstore.controller.CatalogueCategoryControllerTest" tests="4" skipped="0" failures="0" errors="0" timestamp="2025-04-28T11:08:12" hostname="LAPTOP-AVARR59S" time="0.581">
  <properties/>
  <testcase name="testGetAllMappingsEmptyList()" classname="com.webstore.controller.CatalogueCategoryControllerTest" time="0.161"/>
  <testcase name="testCreateMappingSuccess()" classname="com.webstore.controller.CatalogueCategoryControllerTest" time="0.316"/>
  <testcase name="testGetAllMappingsWithData()" classname="com.webstore.controller.CatalogueCategoryControllerTest" time="0.091"/>
  <testcase name="testCreateMappingAlreadyExists()" classname="com.webstore.controller.CatalogueCategoryControllerTest" time="0.005"/>
  <system-out><![CDATA[16:38:07.941 [Test worker] INFO org.springframework.test.context.support.AnnotationConfigContextLoaderUtils -- Could not detect default configuration classes for test class [com.webstore.controller.CatalogueCategoryControllerTest]: CatalogueCategoryControllerTest does not declare any static, non-private, non-final, nested classes annotated with @Configuration.
16:38:08.199 [Test worker] INFO org.springframework.boot.test.context.SpringBootTestContextBootstrapper -- Found @SpringBootConfiguration com.webstore.WebStoreSpringBootApp for test class com.webstore.controller.CatalogueCategoryControllerTest

  .   ____          _            __ _ _
 /\\ / ___'_ __ _ _(_)_ __  __ _ \ \ \ \
( ( )\___ | '_ | '_| | '_ \/ _` | \ \ \ \
 \\/  ___)| |_)| | | | | || (_| |  ) ) ) )
  '  |____| .__|_| |_|_| |_\__, | / / / /
 =========|_|==============|___/=/_/_/_/

 :: Spring Boot ::                (v3.4.4)

2025-04-28T16:38:08.697+05:30  INFO 10408 --- [V1-local] [    Test worker] c.w.c.CatalogueCategoryControllerTest    : Starting CatalogueCategoryControllerTest using Java 21.0.6 with PID 10408 (started by PriyanshuRaj(G10XIND in C:\code\New folder\WebStore)
2025-04-28T16:38:08.698+05:30  INFO 10408 --- [V1-local] [    Test worker] c.w.c.CatalogueCategoryControllerTest    : The following 1 profile is active: "local"
2025-04-28T16:38:11.601+05:30  WARN 10408 --- [V1-local] [    Test worker] .s.s.UserDetailsServiceAutoConfiguration : 

Using generated security password: ca128678-ef23-4796-9a9e-abf8268b5d94

This generated password is for development use only. Your security configuration must be updated before running your application in production.

2025-04-28T16:38:11.646+05:30  INFO 10408 --- [V1-local] [    Test worker] r$InitializeUserDetailsManagerConfigurer : Global AuthenticationManager configured with UserDetailsService bean with name inMemoryUserDetailsManager
2025-04-28T16:38:12.034+05:30  INFO 10408 --- [V1-local] [    Test worker] o.s.b.t.m.w.SpringBootMockServletContext : Initializing Spring TestDispatcherServlet ''
2025-04-28T16:38:12.034+05:30  INFO 10408 --- [V1-local] [    Test worker] o.s.t.web.servlet.TestDispatcherServlet  : Initializing Servlet ''
2025-04-28T16:38:12.036+05:30  INFO 10408 --- [V1-local] [    Test worker] o.s.t.web.servlet.TestDispatcherServlet  : Completed initialization in 2 ms
2025-04-28T16:38:12.119+05:30  INFO 10408 --- [V1-local] [    Test worker] c.w.c.CatalogueCategoryControllerTest    : Started CatalogueCategoryControllerTest in 3.839 seconds (process running for 5.312)
]]></system-out>
  <system-err><![CDATA[Mockito is currently self-attaching to enable the inline-mock-maker. This will no longer work in future releases of the JDK. Please add Mockito as an agent to your build what is described in Mockito's documentation: https://javadoc.io/doc/org.mockito/mockito-core/latest/org/mockito/Mockito.html#0.3
WARNING: A Java agent has been loaded dynamically (C:\Users\PriyanshuRaj(G10XIND\.gradle\caches\modules-2\files-2.1\net.bytebuddy\byte-buddy-agent\1.15.11\a38b16385e867f59a641330f0362ebe742788ed8\byte-buddy-agent-1.15.11.jar)
WARNING: If a serviceability tool is in use, please run with -XX:+EnableDynamicAgentLoading to hide this warning
WARNING: If a serviceability tool is not in use, please run with -Djdk.instrument.traceUsage for more information
WARNING: Dynamic loading of agents will be disallowed by default in a future release
]]></system-err>
</testsuite>
