<?xml version="1.0" encoding="UTF-8"?>
<testsuite name="com.webstore.controller.UserControllerTest" tests="11" skipped="0" failures="0" errors="0" timestamp="2025-04-30T12:49:21" hostname="LAPTOP-AVARR59S" time="1.934">
  <properties/>
  <testcase name="testGetUserById_NotFound()" classname="com.webstore.controller.UserControllerTest" time="1.62"/>
  <testcase name="testDeleteUser_Success()" classname="com.webstore.controller.UserControllerTest" time="0.025"/>
  <testcase name="testUpdateUser_Success()" classname="com.webstore.controller.UserControllerTest" time="0.168"/>
  <testcase name="testGetAllUsers()" classname="com.webstore.controller.UserControllerTest" time="0.022"/>
  <testcase name="testCreateUser_UsernameExists()" classname="com.webstore.controller.UserControllerTest" time="0.016"/>
  <testcase name="testDeleteUser_NotFound()" classname="com.webstore.controller.UserControllerTest" time="0.012"/>
  <testcase name="testUpdateUser_EmailConflict()" classname="com.webstore.controller.UserControllerTest" time="0.015"/>
  <testcase name="testUpdateUser_NotFound()" classname="com.webstore.controller.UserControllerTest" time="0.017"/>
  <testcase name="testGetUserById()" classname="com.webstore.controller.UserControllerTest" time="0.011"/>
  <testcase name="testGetAllUsers_WhenEmpty()" classname="com.webstore.controller.UserControllerTest" time="0.009"/>
  <testcase name="testCreateUser_Success()" classname="com.webstore.controller.UserControllerTest" time="0.014"/>
  <system-out><![CDATA[18:19:22.654 [Test worker] INFO org.hibernate.validator.internal.util.Version -- HV000001: Hibernate Validator 8.0.0.Final
18:19:23.083 [Test worker] INFO org.springframework.mock.web.MockServletContext -- Initializing Spring TestDispatcherServlet ''
18:19:23.084 [Test worker] INFO org.springframework.test.web.servlet.TestDispatcherServlet -- Initializing Servlet ''
18:19:23.086 [Test worker] INFO org.springframework.test.web.servlet.TestDispatcherServlet -- Completed initialization in 1 ms
18:19:23.146 [Test worker] INFO com.webstore.controller.UserController -- Fetching user with ID: 99
18:19:23.181 [Test worker] INFO org.springframework.mock.web.MockServletContext -- Initializing Spring TestDispatcherServlet ''
18:19:23.181 [Test worker] INFO org.springframework.test.web.servlet.TestDispatcherServlet -- Initializing Servlet ''
18:19:23.181 [Test worker] INFO org.springframework.test.web.servlet.TestDispatcherServlet -- Completed initialization in 0 ms
18:19:23.184 [Test worker] INFO com.webstore.controller.UserController -- Deleting user with ID: 1
18:19:23.207 [Test worker] INFO org.springframework.mock.web.MockServletContext -- Initializing Spring TestDispatcherServlet ''
18:19:23.207 [Test worker] INFO org.springframework.test.web.servlet.TestDispatcherServlet -- Initializing Servlet ''
18:19:23.208 [Test worker] INFO org.springframework.test.web.servlet.TestDispatcherServlet -- Completed initialization in 1 ms
18:19:23.322 [Test worker] INFO com.webstore.controller.UserController -- Updating user with ID: 1
18:19:23.376 [Test worker] INFO org.springframework.mock.web.MockServletContext -- Initializing Spring TestDispatcherServlet ''
18:19:23.376 [Test worker] INFO org.springframework.test.web.servlet.TestDispatcherServlet -- Initializing Servlet ''
18:19:23.376 [Test worker] INFO org.springframework.test.web.servlet.TestDispatcherServlet -- Completed initialization in 0 ms
18:19:23.378 [Test worker] INFO com.webstore.controller.UserController -- Fetching all users
18:19:23.378 [Test worker] INFO com.webstore.controller.UserController -- Found 1 users
18:19:23.397 [Test worker] INFO org.springframework.mock.web.MockServletContext -- Initializing Spring TestDispatcherServlet ''
18:19:23.397 [Test worker] INFO org.springframework.test.web.servlet.TestDispatcherServlet -- Initializing Servlet ''
18:19:23.397 [Test worker] INFO org.springframework.test.web.servlet.TestDispatcherServlet -- Completed initialization in 0 ms
18:19:23.403 [Test worker] INFO com.webstore.controller.UserController -- Creating new user
18:19:23.414 [Test worker] INFO org.springframework.mock.web.MockServletContext -- Initializing Spring TestDispatcherServlet ''
18:19:23.415 [Test worker] INFO org.springframework.test.web.servlet.TestDispatcherServlet -- Initializing Servlet ''
18:19:23.415 [Test worker] INFO org.springframework.test.web.servlet.TestDispatcherServlet -- Completed initialization in 0 ms
18:19:23.416 [Test worker] INFO com.webstore.controller.UserController -- Deleting user with ID: 99
18:19:23.424 [Test worker] INFO org.springframework.mock.web.MockServletContext -- Initializing Spring TestDispatcherServlet ''
18:19:23.424 [Test worker] INFO org.springframework.test.web.servlet.TestDispatcherServlet -- Initializing Servlet ''
18:19:23.425 [Test worker] INFO org.springframework.test.web.servlet.TestDispatcherServlet -- Completed initialization in 0 ms
18:19:23.431 [Test worker] INFO com.webstore.controller.UserController -- Updating user with ID: 1
18:19:23.442 [Test worker] INFO org.springframework.mock.web.MockServletContext -- Initializing Spring TestDispatcherServlet ''
18:19:23.442 [Test worker] INFO org.springframework.test.web.servlet.TestDispatcherServlet -- Initializing Servlet ''
18:19:23.442 [Test worker] INFO org.springframework.test.web.servlet.TestDispatcherServlet -- Completed initialization in 0 ms
18:19:23.448 [Test worker] INFO com.webstore.controller.UserController -- Updating user with ID: 99
18:19:23.457 [Test worker] INFO org.springframework.mock.web.MockServletContext -- Initializing Spring TestDispatcherServlet ''
18:19:23.457 [Test worker] INFO org.springframework.test.web.servlet.TestDispatcherServlet -- Initializing Servlet ''
18:19:23.457 [Test worker] INFO org.springframework.test.web.servlet.TestDispatcherServlet -- Completed initialization in 0 ms
18:19:23.458 [Test worker] INFO com.webstore.controller.UserController -- Fetching user with ID: 1
18:19:23.466 [Test worker] INFO org.springframework.mock.web.MockServletContext -- Initializing Spring TestDispatcherServlet ''
18:19:23.466 [Test worker] INFO org.springframework.test.web.servlet.TestDispatcherServlet -- Initializing Servlet ''
18:19:23.467 [Test worker] INFO org.springframework.test.web.servlet.TestDispatcherServlet -- Completed initialization in 1 ms
18:19:23.467 [Test worker] INFO com.webstore.controller.UserController -- Fetching all users
18:19:23.467 [Test worker] INFO com.webstore.controller.UserController -- Found 0 users
18:19:23.477 [Test worker] INFO org.springframework.mock.web.MockServletContext -- Initializing Spring TestDispatcherServlet ''
18:19:23.478 [Test worker] INFO org.springframework.test.web.servlet.TestDispatcherServlet -- Initializing Servlet ''
18:19:23.478 [Test worker] INFO org.springframework.test.web.servlet.TestDispatcherServlet -- Completed initialization in 0 ms
18:19:23.483 [Test worker] INFO com.webstore.controller.UserController -- Creating new user
]]></system-out>
  <system-err><![CDATA[Mockito is currently self-attaching to enable the inline-mock-maker. This will no longer work in future releases of the JDK. Please add Mockito as an agent to your build what is described in Mockito's documentation: https://javadoc.io/doc/org.mockito/mockito-core/latest/org/mockito/Mockito.html#0.3
WARNING: A Java agent has been loaded dynamically (C:\Users\PriyanshuRaj(G10XIND\.gradle\caches\modules-2\files-2.1\net.bytebuddy\byte-buddy-agent\1.15.11\a38b16385e867f59a641330f0362ebe742788ed8\byte-buddy-agent-1.15.11.jar)
WARNING: If a serviceability tool is in use, please run with -XX:+EnableDynamicAgentLoading to hide this warning
WARNING: If a serviceability tool is not in use, please run with -Djdk.instrument.traceUsage for more information
WARNING: Dynamic loading of agents will be disallowed by default in a future release
]]></system-err>
</testsuite>
