<?xml version="1.0" encoding="UTF-8"?>
<testsuite name="com.webstore.controller.ProductControllerTest" tests="5" skipped="0" failures="0" errors="0" timestamp="2025-04-28T11:08:13" hostname="LAPTOP-AVARR59S" time="0.057">
  <properties/>
  <testcase name="testCreateProduct()" classname="com.webstore.controller.ProductControllerTest" time="0.047"/>
  <testcase name="testUpdateProduct()" classname="com.webstore.controller.ProductControllerTest" time="0.002"/>
  <testcase name="testGetProductById()" classname="com.webstore.controller.ProductControllerTest" time="0.002"/>
  <testcase name="testDeleteProduct()" classname="com.webstore.controller.ProductControllerTest" time="0.002"/>
  <testcase name="testGetAllProducts()" classname="com.webstore.controller.ProductControllerTest" time="0.003"/>
  <system-out><![CDATA[]]></system-out>
  <system-err><![CDATA[]]></system-err>
</testsuite>
