<?xml version="1.0" encoding="UTF-8"?>
<testsuite name="com.webstore.implementation.CurrencyServiceImplementationTest" tests="12" skipped="0" failures="0" errors="0" timestamp="2025-04-30T12:49:26" hostname="LAPTOP-AVARR59S" time="0.08">
  <properties/>
  <testcase name="updateCurrency_WhenNewCodeExists_ShouldThrowException()" classname="com.webstore.implementation.CurrencyServiceImplementationTest" time="0.035"/>
  <testcase name="updateCurrency_WhenCurrencyNotFound_ShouldThrowException()" classname="com.webstore.implementation.CurrencyServiceImplementationTest" time="0.001"/>
  <testcase name="deleteCurrency_WhenNotExists_ShouldThrowException()" classname="com.webstore.implementation.CurrencyServiceImplementationTest" time="0.001"/>
  <testcase name="deleteCurrency_WhenExists_ShouldDelete()" classname="com.webstore.implementation.CurrencyServiceImplementationTest" time="0.001"/>
  <testcase name="getCurrencyByCode_WhenExists_ShouldReturnCurrency()" classname="com.webstore.implementation.CurrencyServiceImplementationTest" time="0.003"/>
  <testcase name="getCurrencyById_WhenExists_ShouldReturnCurrency()" classname="com.webstore.implementation.CurrencyServiceImplementationTest" time="0.002"/>
  <testcase name="getAllCurrencies_ShouldReturnListOfCurrencies()" classname="com.webstore.implementation.CurrencyServiceImplementationTest" time="0.002"/>
  <testcase name="createCurrency_WhenNotExists_ShouldCreateCurrency()" classname="com.webstore.implementation.CurrencyServiceImplementationTest" time="0.023"/>
  <testcase name="getCurrencyById_WhenNotExists_ShouldThrowException()" classname="com.webstore.implementation.CurrencyServiceImplementationTest" time="0.003"/>
  <testcase name="getCurrencyByCode_WhenNotExists_ShouldThrowException()" classname="com.webstore.implementation.CurrencyServiceImplementationTest" time="0.002"/>
  <testcase name="createCurrency_WhenAlreadyExists_ShouldThrowException()" classname="com.webstore.implementation.CurrencyServiceImplementationTest" time="0.002"/>
  <testcase name="updateCurrency_WhenExists_ShouldUpdateCurrency()" classname="com.webstore.implementation.CurrencyServiceImplementationTest" time="0.001"/>
  <system-out><![CDATA[]]></system-out>
  <system-err><![CDATA[]]></system-err>
</testsuite>
