<?xml version="1.0" encoding="UTF-8"?>
<testsuite name="com.webstore.implementation.ProductPriceServiceImplementationTest" tests="9" skipped="0" failures="0" errors="0" timestamp="2025-04-28T11:08:14" hostname="LAPTOP-AVARR59S" time="0.159">
  <properties/>
  <testcase name="createProductPrice_WhenProductNotFound_ShouldThrowException()" classname="com.webstore.implementation.ProductPriceServiceImplementationTest" time="0.133"/>
  <testcase name="updateProductPrice_WhenProductPriceExists_ShouldUpdateProductPrice()" classname="com.webstore.implementation.ProductPriceServiceImplementationTest" time="0.007"/>
  <testcase name="deleteProductPrice_WhenProductPriceDoesNotExist_ShouldThrowException()" classname="com.webstore.implementation.ProductPriceServiceImplementationTest" time="0.002"/>
  <testcase name="getProductPriceById_WhenProductPriceExists_ShouldReturnProductPrice()" classname="com.webstore.implementation.ProductPriceServiceImplementationTest" time="0.002"/>
  <testcase name="deleteProductPrice_WhenProductPriceExists_ShouldDeleteProductPrice()" classname="com.webstore.implementation.ProductPriceServiceImplementationTest" time="0.002"/>
  <testcase name="createProductPrice_WhenCurrencyNotFound_ShouldThrowException()" classname="com.webstore.implementation.ProductPriceServiceImplementationTest" time="0.003"/>
  <testcase name="updateProductPrice_WhenProductPriceDoesNotExist_ShouldThrowException()" classname="com.webstore.implementation.ProductPriceServiceImplementationTest" time="0.003"/>
  <testcase name="getProductPriceById_WhenProductPriceDoesNotExist_ShouldThrowException()" classname="com.webstore.implementation.ProductPriceServiceImplementationTest" time="0.003"/>
  <testcase name="createProductPrice_ShouldCreateProductPrice()" classname="com.webstore.implementation.ProductPriceServiceImplementationTest" time="0.002"/>
  <system-out><![CDATA[2025-04-28T16:38:14.718+05:30  INFO 10408 --- [V1-local] [    Test worker] c.w.i.ProductPriceServiceImplementation  : Creating product price for productId=1 and currencyId=1
2025-04-28T16:38:14.725+05:30  INFO 10408 --- [V1-local] [    Test worker] c.w.i.ProductPriceServiceImplementation  : Updating product price with id=1 to new amount=2000
2025-04-28T16:38:14.726+05:30  INFO 10408 --- [V1-local] [    Test worker] c.w.i.ProductPriceServiceImplementation  : Updated price for productPriceId=1 successfully
2025-04-28T16:38:14.727+05:30  INFO 10408 --- [V1-local] [    Test worker] c.w.i.ProductPriceServiceImplementation  : Formatted price for display: $20
2025-04-28T16:38:14.732+05:30  INFO 10408 --- [V1-local] [    Test worker] c.w.i.ProductPriceServiceImplementation  : Fetching product price with id=1
2025-04-28T16:38:14.733+05:30  INFO 10408 --- [V1-local] [    Test worker] c.w.i.ProductPriceServiceImplementation  : Formatted price for display: $10
2025-04-28T16:38:14.734+05:30  INFO 10408 --- [V1-local] [    Test worker] c.w.i.ProductPriceServiceImplementation  : Product price with id=1 has been deleted
2025-04-28T16:38:14.736+05:30  INFO 10408 --- [V1-local] [    Test worker] c.w.i.ProductPriceServiceImplementation  : Creating product price for productId=1 and currencyId=1
2025-04-28T16:38:14.740+05:30  INFO 10408 --- [V1-local] [    Test worker] c.w.i.ProductPriceServiceImplementation  : Updating product price with id=99 to new amount=2000
2025-04-28T16:38:14.743+05:30  INFO 10408 --- [V1-local] [    Test worker] c.w.i.ProductPriceServiceImplementation  : Fetching product price with id=99
2025-04-28T16:38:14.746+05:30  INFO 10408 --- [V1-local] [    Test worker] c.w.i.ProductPriceServiceImplementation  : Creating product price for productId=1 and currencyId=1
2025-04-28T16:38:14.746+05:30  INFO 10408 --- [V1-local] [    Test worker] c.w.i.ProductPriceServiceImplementation  : Product price created with id=1
2025-04-28T16:38:14.746+05:30  INFO 10408 --- [V1-local] [    Test worker] c.w.i.ProductPriceServiceImplementation  : Formatted price for display: $10
]]></system-out>
  <system-err><![CDATA[]]></system-err>
</testsuite>
