<?xml version="1.0" encoding="UTF-8"?>
<testsuite name="com.webstore.implementation.CategoryServiceImplementationTest" tests="8" skipped="0" failures="0" errors="0" timestamp="2025-04-30T12:49:26" hostname="LAPTOP-AVARR59S" time="0.022">
  <properties/>
  <testcase name="testGetCategoryById_Success()" classname="com.webstore.implementation.CategoryServiceImplementationTest" time="0.002"/>
  <testcase name="testGetAllCategories()" classname="com.webstore.implementation.CategoryServiceImplementationTest" time="0.008"/>
  <testcase name="testDeleteCategory_Success()" classname="com.webstore.implementation.CategoryServiceImplementationTest" time="0.002"/>
  <testcase name="testGetCategoryById_NotFound()" classname="com.webstore.implementation.CategoryServiceImplementationTest" time="0.002"/>
  <testcase name="testUpdateCategory_Success()" classname="com.webstore.implementation.CategoryServiceImplementationTest" time="0.002"/>
  <testcase name="testDeleteCategory_NotFound()" classname="com.webstore.implementation.CategoryServiceImplementationTest" time="0.001"/>
  <testcase name="testCreateCategory_Success()" classname="com.webstore.implementation.CategoryServiceImplementationTest" time="0.002"/>
  <testcase name="testCreateCategory_AlreadyExists()" classname="com.webstore.implementation.CategoryServiceImplementationTest" time="0.001"/>
  <system-out><![CDATA[]]></system-out>
  <system-err><![CDATA[]]></system-err>
</testsuite>
