<?xml version="1.0" encoding="UTF-8"?>
<testsuite name="com.webstore.implementation.CatalogueServiceImplementationTest" tests="6" skipped="0" failures="0" errors="0" timestamp="2025-04-30T12:49:26" hostname="LAPTOP-AVARR59S" time="0.016">
  <properties/>
  <testcase name="givenValidIdAndRequest_whenUpdateCatalogue_thenReturnsUpdatedCatalogue()" classname="com.webstore.implementation.CatalogueServiceImplementationTest" time="0.005"/>
  <testcase name="whenGetAllCatalogues_thenReturnsCatalogueList()" classname="com.webstore.implementation.CatalogueServiceImplementationTest" time="0.002"/>
  <testcase name="givenValidId_whenDeleteCatalogue_thenDeletesSuccessfully()" classname="com.webstore.implementation.CatalogueServiceImplementationTest" time="0.002"/>
  <testcase name="givenName_whenSearchByName_thenReturnsMatchingCatalogues()" classname="com.webstore.implementation.CatalogueServiceImplementationTest" time="0.001"/>
  <testcase name="givenValidId_whenGetCatalogueById_thenReturnsCatalogue()" classname="com.webstore.implementation.CatalogueServiceImplementationTest" time="0.001"/>
  <testcase name="givenValidRequest_whenCreateCatalogue_thenReturnsSavedCatalogue()" classname="com.webstore.implementation.CatalogueServiceImplementationTest" time="0.001"/>
  <system-out><![CDATA[]]></system-out>
  <system-err><![CDATA[]]></system-err>
</testsuite>
