<?xml version="1.0" encoding="UTF-8"?>
<testsuite name="com.webstore.controller.CategoryControllerTest" tests="5" skipped="0" failures="0" errors="0" timestamp="2025-04-30T12:49:25" hostname="LAPTOP-AVARR59S" time="0.091">
  <properties/>
  <testcase name="testGetAllCategories()" classname="com.webstore.controller.CategoryControllerTest" time="0.042"/>
  <testcase name="testUpdateCategory()" classname="com.webstore.controller.CategoryControllerTest" time="0.031"/>
  <testcase name="testCreateCategory()" classname="com.webstore.controller.CategoryControllerTest" time="0.006"/>
  <testcase name="testDeleteCategory()" classname="com.webstore.controller.CategoryControllerTest" time="0.005"/>
  <testcase name="testGetCategoryById()" classname="com.webstore.controller.CategoryControllerTest" time="0.004"/>
  <system-out><![CDATA[2025-04-30T18:19:25.259+05:30  INFO 8660 --- [V1-local] [    Test worker] t.c.s.AnnotationConfigContextLoaderUtils : Could not detect default configuration classes for test class [com.webstore.controller.CategoryControllerTest]: CategoryControllerTest does not declare any static, non-private, non-final, nested classes annotated with @Configuration.
2025-04-30T18:19:25.265+05:30  INFO 8660 --- [V1-local] [    Test worker] .b.t.c.SpringBootTestContextBootstrapper : Found @SpringBootConfiguration com.webstore.WebStoreSpringBootApp for test class com.webstore.controller.CategoryControllerTest

  .   ____          _            __ _ _
 /\\ / ___'_ __ _ _(_)_ __  __ _ \ \ \ \
( ( )\___ | '_ | '_| | '_ \/ _` | \ \ \ \
 \\/  ___)| |_)| | | | | || (_| |  ) ) ) )
  '  |____| .__|_| |_|_| |_\__, | / / / /
 =========|_|==============|___/=/_/_/_/

 :: Spring Boot ::                (v3.4.4)

2025-04-30T18:19:25.288+05:30  INFO 8660 --- [V1-local] [    Test worker] c.w.controller.CategoryControllerTest    : Starting CategoryControllerTest using Java 21.0.6 with PID 8660 (started by PriyanshuRaj(G10XIND in C:\code\New folder\WebStore)
2025-04-30T18:19:25.289+05:30  INFO 8660 --- [V1-local] [    Test worker] c.w.controller.CategoryControllerTest    : The following 1 profile is active: "local"
2025-04-30T18:19:25.510+05:30  WARN 8660 --- [V1-local] [    Test worker] .s.s.UserDetailsServiceAutoConfiguration : 

Using generated security password: c072710d-2bd0-4ef7-9d0d-51a3332b4cfd

This generated password is for development use only. Your security configuration must be updated before running your application in production.

2025-04-30T18:19:25.511+05:30  INFO 8660 --- [V1-local] [    Test worker] r$InitializeUserDetailsManagerConfigurer : Global AuthenticationManager configured with UserDetailsService bean with name inMemoryUserDetailsManager
2025-04-30T18:19:25.535+05:30  INFO 8660 --- [V1-local] [    Test worker] o.s.b.t.m.w.SpringBootMockServletContext : Initializing Spring TestDispatcherServlet ''
2025-04-30T18:19:25.536+05:30  INFO 8660 --- [V1-local] [    Test worker] o.s.t.web.servlet.TestDispatcherServlet  : Initializing Servlet ''
2025-04-30T18:19:25.536+05:30  INFO 8660 --- [V1-local] [    Test worker] o.s.t.web.servlet.TestDispatcherServlet  : Completed initialization in 0 ms
2025-04-30T18:19:25.541+05:30  INFO 8660 --- [V1-local] [    Test worker] c.w.controller.CategoryControllerTest    : Started CategoryControllerTest in 0.274 seconds (process running for 4.719)
]]></system-out>
  <system-err><![CDATA[]]></system-err>
</testsuite>
