<?xml version="1.0" encoding="UTF-8"?>
<testsuite name="com.webstore.controller.ProductPriceControllerTest" tests="5" skipped="0" failures="0" errors="0" timestamp="2025-04-30T12:49:25" hostname="LAPTOP-AVARR59S" time="0.093">
  <properties/>
  <testcase name="testDeleteProductPrice()" classname="com.webstore.controller.ProductPriceControllerTest" time="0.036"/>
  <testcase name="testUpdateProductPrice()" classname="com.webstore.controller.ProductPriceControllerTest" time="0.022"/>
  <testcase name="testGetProductPriceById()" classname="com.webstore.controller.ProductPriceControllerTest" time="0.01"/>
  <testcase name="testCreateProductPrice()" classname="com.webstore.controller.ProductPriceControllerTest" time="0.014"/>
  <testcase name="testUpdateProductPriceWithNullValue()" classname="com.webstore.controller.ProductPriceControllerTest" time="0.007"/>
  <system-out><![CDATA[2025-04-30T18:19:25.840+05:30  INFO 8660 --- [V1-local] [    Test worker] o.s.mock.web.MockServletContext          : Initializing Spring TestDispatcherServlet ''
2025-04-30T18:19:25.841+05:30  INFO 8660 --- [V1-local] [    Test worker] o.s.t.web.servlet.TestDispatcherServlet  : Initializing Servlet ''
2025-04-30T18:19:25.841+05:30  INFO 8660 --- [V1-local] [    Test worker] o.s.t.web.servlet.TestDispatcherServlet  : Completed initialization in 0 ms
2025-04-30T18:19:25.842+05:30  INFO 8660 --- [V1-local] [    Test worker] c.w.controller.ProductPriceController    : Deleting product price with id=1
2025-04-30T18:19:25.849+05:30  INFO 8660 --- [V1-local] [    Test worker] o.s.mock.web.MockServletContext          : Initializing Spring TestDispatcherServlet ''
2025-04-30T18:19:25.850+05:30  INFO 8660 --- [V1-local] [    Test worker] o.s.t.web.servlet.TestDispatcherServlet  : Initializing Servlet ''
2025-04-30T18:19:25.850+05:30  INFO 8660 --- [V1-local] [    Test worker] o.s.t.web.servlet.TestDispatcherServlet  : Completed initialization in 0 ms
2025-04-30T18:19:25.852+05:30  INFO 8660 --- [V1-local] [    Test worker] c.w.controller.ProductPriceController    : Updating product price with id=1 to new amount=2000
2025-04-30T18:19:25.872+05:30  INFO 8660 --- [V1-local] [    Test worker] o.s.mock.web.MockServletContext          : Initializing Spring TestDispatcherServlet ''
2025-04-30T18:19:25.873+05:30  INFO 8660 --- [V1-local] [    Test worker] o.s.t.web.servlet.TestDispatcherServlet  : Initializing Servlet ''
2025-04-30T18:19:25.873+05:30  INFO 8660 --- [V1-local] [    Test worker] o.s.t.web.servlet.TestDispatcherServlet  : Completed initialization in 0 ms
2025-04-30T18:19:25.873+05:30  INFO 8660 --- [V1-local] [    Test worker] c.w.controller.ProductPriceController    : Fetching product price with id=1
2025-04-30T18:19:25.881+05:30  INFO 8660 --- [V1-local] [    Test worker] o.s.mock.web.MockServletContext          : Initializing Spring TestDispatcherServlet ''
2025-04-30T18:19:25.881+05:30  INFO 8660 --- [V1-local] [    Test worker] o.s.t.web.servlet.TestDispatcherServlet  : Initializing Servlet ''
2025-04-30T18:19:25.881+05:30  INFO 8660 --- [V1-local] [    Test worker] o.s.t.web.servlet.TestDispatcherServlet  : Completed initialization in 0 ms
2025-04-30T18:19:25.888+05:30  INFO 8660 --- [V1-local] [    Test worker] c.w.controller.ProductPriceController    : Received request to create product price for productId=1, currencyId=1
2025-04-30T18:19:25.897+05:30  INFO 8660 --- [V1-local] [    Test worker] o.s.mock.web.MockServletContext          : Initializing Spring TestDispatcherServlet ''
2025-04-30T18:19:25.897+05:30  INFO 8660 --- [V1-local] [    Test worker] o.s.t.web.servlet.TestDispatcherServlet  : Initializing Servlet ''
2025-04-30T18:19:25.897+05:30  INFO 8660 --- [V1-local] [    Test worker] o.s.t.web.servlet.TestDispatcherServlet  : Completed initialization in 0 ms
2025-04-30T18:19:25.899+05:30  WARN 8660 --- [V1-local] [    Test worker] .w.s.m.s.DefaultHandlerExceptionResolver : Resolved [org.springframework.http.converter.HttpMessageNotReadableException: Required request body is missing: public org.springframework.http.ResponseEntity<com.webstore.dto.response.ProductPriceResponseDto> com.webstore.controller.ProductPriceController.updateProductPrice(java.lang.Integer,java.lang.Long)]
]]></system-out>
  <system-err><![CDATA[]]></system-err>
</testsuite>
