<?xml version="1.0" encoding="UTF-8"?>
<testsuite name="com.webstore.implementation.ProductServiceImplementationTest" tests="6" skipped="0" failures="0" errors="0" timestamp="2025-04-30T12:49:26" hostname="LAPTOP-AVARR59S" time="0.014">
  <properties/>
  <testcase name="testCreateProduct()" classname="com.webstore.implementation.ProductServiceImplementationTest" time="0.002"/>
  <testcase name="testUpdateProduct()" classname="com.webstore.implementation.ProductServiceImplementationTest" time="0.001"/>
  <testcase name="testDeleteProduct_NotFound()" classname="com.webstore.implementation.ProductServiceImplementationTest" time="0.001"/>
  <testcase name="testGetProductById()" classname="com.webstore.implementation.ProductServiceImplementationTest" time="0.001"/>
  <testcase name="testDeleteProduct()" classname="com.webstore.implementation.ProductServiceImplementationTest" time="0.003"/>
  <testcase name="testGetAllProducts()" classname="com.webstore.implementation.ProductServiceImplementationTest" time="0.001"/>
  <system-out><![CDATA[2025-04-30T18:19:26.345+05:30  INFO 8660 --- [V1-local] [    Test worker] c.w.i.ProductServiceImplementation       : Creating product with name: Test Product
2025-04-30T18:19:26.346+05:30  INFO 8660 --- [V1-local] [    Test worker] c.w.i.ProductServiceImplementation       : Product created with ID: 1
2025-04-30T18:19:26.347+05:30  INFO 8660 --- [V1-local] [    Test worker] c.w.i.ProductServiceImplementation       : Updating product with ID: 1
2025-04-30T18:19:26.348+05:30  INFO 8660 --- [V1-local] [    Test worker] c.w.i.ProductServiceImplementation       : Product with ID: 1 updated successfully
2025-04-30T18:19:26.349+05:30  INFO 8660 --- [V1-local] [    Test worker] c.w.i.ProductServiceImplementation       : Deleting product with ID: 1
2025-04-30T18:19:26.352+05:30  INFO 8660 --- [V1-local] [    Test worker] c.w.i.ProductServiceImplementation       : Fetching product with ID: 1
2025-04-30T18:19:26.356+05:30  INFO 8660 --- [V1-local] [    Test worker] c.w.i.ProductServiceImplementation       : Deleting product with ID: 1
2025-04-30T18:19:26.356+05:30  INFO 8660 --- [V1-local] [    Test worker] c.w.i.ProductServiceImplementation       : Product with ID: 1 has been deleted
2025-04-30T18:19:26.357+05:30  INFO 8660 --- [V1-local] [    Test worker] c.w.i.ProductServiceImplementation       : Fetching all products
]]></system-out>
  <system-err><![CDATA[]]></system-err>
</testsuite>
