<?xml version="1.0" encoding="UTF-8"?>
<testsuite name="com.webstore.controller.CurrencyControllerTest" tests="5" skipped="0" failures="0" errors="0" timestamp="2025-04-30T12:49:25" hostname="LAPTOP-AVARR59S" time="0.102">
  <properties/>
  <testcase name="Should return currency by ID" classname="com.webstore.controller.CurrencyControllerTest" time="0.044"/>
  <testcase name="Should update currency by ID" classname="com.webstore.controller.CurrencyControllerTest" time="0.016"/>
  <testcase name="Should create a new currency" classname="com.webstore.controller.CurrencyControllerTest" time="0.016"/>
  <testcase name="Should return list of currencies" classname="com.webstore.controller.CurrencyControllerTest" time="0.012"/>
  <testcase name="Should delete currency by ID" classname="com.webstore.controller.CurrencyControllerTest" time="0.012"/>
  <system-out><![CDATA[2025-04-30T18:19:25.680+05:30  INFO 8660 --- [V1-local] [    Test worker] o.s.mock.web.MockServletContext          : Initializing Spring TestDispatcherServlet ''
2025-04-30T18:19:25.680+05:30  INFO 8660 --- [V1-local] [    Test worker] o.s.t.web.servlet.TestDispatcherServlet  : Initializing Servlet ''
2025-04-30T18:19:25.680+05:30  INFO 8660 --- [V1-local] [    Test worker] o.s.t.web.servlet.TestDispatcherServlet  : Completed initialization in 0 ms
2025-04-30T18:19:25.689+05:30  INFO 8660 --- [V1-local] [    Test worker] o.s.mock.web.MockServletContext          : Initializing Spring TestDispatcherServlet ''
2025-04-30T18:19:25.689+05:30  INFO 8660 --- [V1-local] [    Test worker] o.s.t.web.servlet.TestDispatcherServlet  : Initializing Servlet ''
2025-04-30T18:19:25.690+05:30  INFO 8660 --- [V1-local] [    Test worker] o.s.t.web.servlet.TestDispatcherServlet  : Completed initialization in 0 ms
2025-04-30T18:19:25.710+05:30  INFO 8660 --- [V1-local] [    Test worker] o.s.mock.web.MockServletContext          : Initializing Spring TestDispatcherServlet ''
2025-04-30T18:19:25.711+05:30  INFO 8660 --- [V1-local] [    Test worker] o.s.t.web.servlet.TestDispatcherServlet  : Initializing Servlet ''
2025-04-30T18:19:25.711+05:30  INFO 8660 --- [V1-local] [    Test worker] o.s.t.web.servlet.TestDispatcherServlet  : Completed initialization in 0 ms
2025-04-30T18:19:25.724+05:30  INFO 8660 --- [V1-local] [    Test worker] o.s.mock.web.MockServletContext          : Initializing Spring TestDispatcherServlet ''
2025-04-30T18:19:25.724+05:30  INFO 8660 --- [V1-local] [    Test worker] o.s.t.web.servlet.TestDispatcherServlet  : Initializing Servlet ''
2025-04-30T18:19:25.725+05:30  INFO 8660 --- [V1-local] [    Test worker] o.s.t.web.servlet.TestDispatcherServlet  : Completed initialization in 0 ms
2025-04-30T18:19:25.735+05:30  INFO 8660 --- [V1-local] [    Test worker] o.s.mock.web.MockServletContext          : Initializing Spring TestDispatcherServlet ''
2025-04-30T18:19:25.736+05:30  INFO 8660 --- [V1-local] [    Test worker] o.s.t.web.servlet.TestDispatcherServlet  : Initializing Servlet ''
2025-04-30T18:19:25.737+05:30  INFO 8660 --- [V1-local] [    Test worker] o.s.t.web.servlet.TestDispatcherServlet  : Completed initialization in 0 ms
]]></system-out>
  <system-err><![CDATA[]]></system-err>
</testsuite>
