<?xml version="1.0" encoding="UTF-8"?>
<testsuite name="com.webstore.controller.CatalogueControllerTest" tests="5" skipped="0" failures="0" errors="0" timestamp="2025-04-28T11:08:12" hostname="LAPTOP-AVARR59S" time="0.121">
  <properties/>
  <testcase name="testUpdateCatalogue()" classname="com.webstore.controller.CatalogueControllerTest" time="0.091"/>
  <testcase name="testGetAllCatalogues()" classname="com.webstore.controller.CatalogueControllerTest" time="0.003"/>
  <testcase name="testCreateCatalogue()" classname="com.webstore.controller.CatalogueControllerTest" time="0.003"/>
  <testcase name="testGetCatalogueById()" classname="com.webstore.controller.CatalogueControllerTest" time="0.002"/>
  <testcase name="testDeleteCatalogue()" classname="com.webstore.controller.CatalogueControllerTest" time="0.021"/>
  <system-out><![CDATA[]]></system-out>
  <system-err><![CDATA[]]></system-err>
</testsuite>
