<?xml version="1.0" encoding="UTF-8"?>
<testsuite name="com.webstore.controller.ProductControllerTest" tests="5" skipped="0" failures="0" errors="0" timestamp="2025-04-30T12:49:25" hostname="LAPTOP-AVARR59S" time="0.058">
  <properties/>
  <testcase name="testCreateProduct()" classname="com.webstore.controller.ProductControllerTest" time="0.052"/>
  <testcase name="testUpdateProduct()" classname="com.webstore.controller.ProductControllerTest" time="0.003"/>
  <testcase name="testGetProductById()" classname="com.webstore.controller.ProductControllerTest" time="0.001"/>
  <testcase name="testDeleteProduct()" classname="com.webstore.controller.ProductControllerTest" time="0.001"/>
  <testcase name="testGetAllProducts()" classname="com.webstore.controller.ProductControllerTest" time="0.0"/>
  <system-out><![CDATA[]]></system-out>
  <system-err><![CDATA[]]></system-err>
</testsuite>
