<?xml version="1.0" encoding="UTF-8"?>
<testsuite name="com.webstore.controller.CatalogueCategoryControllerTest" tests="4" skipped="0" failures="0" errors="0" timestamp="2025-04-30T12:49:25" hostname="LAPTOP-AVARR59S" time="0.074">
  <properties/>
  <testcase name="testGetAllMappingsEmptyList()" classname="com.webstore.controller.CatalogueCategoryControllerTest" time="0.029"/>
  <testcase name="testCreateMappingSuccess()" classname="com.webstore.controller.CatalogueCategoryControllerTest" time="0.02"/>
  <testcase name="testGetAllMappingsWithData()" classname="com.webstore.controller.CatalogueCategoryControllerTest" time="0.011"/>
  <testcase name="testCreateMappingAlreadyExists()" classname="com.webstore.controller.CatalogueCategoryControllerTest" time="0.01"/>
  <system-out><![CDATA[18:19:23.540 [Test worker] INFO org.springframework.test.context.support.AnnotationConfigContextLoaderUtils -- Could not detect default configuration classes for test class [com.webstore.controller.CatalogueCategoryControllerTest]: CatalogueCategoryControllerTest does not declare any static, non-private, non-final, nested classes annotated with @Configuration.
18:19:23.682 [Test worker] INFO org.springframework.boot.test.context.SpringBootTestContextBootstrapper -- Found @SpringBootConfiguration com.webstore.WebStoreSpringBootApp for test class com.webstore.controller.CatalogueCategoryControllerTest

  .   ____          _            __ _ _
 /\\ / ___'_ __ _ _(_)_ __  __ _ \ \ \ \
( ( )\___ | '_ | '_| | '_ \/ _` | \ \ \ \
 \\/  ___)| |_)| | | | | || (_| |  ) ) ) )
  '  |____| .__|_| |_|_| |_\__, | / / / /
 =========|_|==============|___/=/_/_/_/

 :: Spring Boot ::                (v3.4.4)

2025-04-30T18:19:24.010+05:30  INFO 8660 --- [V1-local] [    Test worker] c.w.c.CatalogueCategoryControllerTest    : Starting CatalogueCategoryControllerTest using Java 21.0.6 with PID 8660 (started by PriyanshuRaj(G10XIND in C:\code\New folder\WebStore)
2025-04-30T18:19:24.012+05:30  INFO 8660 --- [V1-local] [    Test worker] c.w.c.CatalogueCategoryControllerTest    : The following 1 profile is active: "local"
2025-04-30T18:19:24.836+05:30  WARN 8660 --- [V1-local] [    Test worker] .s.s.UserDetailsServiceAutoConfiguration : 

Using generated security password: ca02eb58-a8f8-4298-9953-3bc0d6bbcdd9

This generated password is for development use only. Your security configuration must be updated before running your application in production.

2025-04-30T18:19:24.874+05:30  INFO 8660 --- [V1-local] [    Test worker] r$InitializeUserDetailsManagerConfigurer : Global AuthenticationManager configured with UserDetailsService bean with name inMemoryUserDetailsManager
2025-04-30T18:19:25.047+05:30  INFO 8660 --- [V1-local] [    Test worker] o.s.b.t.m.w.SpringBootMockServletContext : Initializing Spring TestDispatcherServlet ''
2025-04-30T18:19:25.047+05:30  INFO 8660 --- [V1-local] [    Test worker] o.s.t.web.servlet.TestDispatcherServlet  : Initializing Servlet ''
2025-04-30T18:19:25.048+05:30  INFO 8660 --- [V1-local] [    Test worker] o.s.t.web.servlet.TestDispatcherServlet  : Completed initialization in 0 ms
2025-04-30T18:19:25.081+05:30  INFO 8660 --- [V1-local] [    Test worker] c.w.c.CatalogueCategoryControllerTest    : Started CatalogueCategoryControllerTest in 1.327 seconds (process running for 4.259)
]]></system-out>
  <system-err><![CDATA[]]></system-err>
</testsuite>
